(---------------------------------------------------------------------)
(                                                                     )
(    NC DRILL Log                                                     )
(                                                                     )
(    Drawing          : Adaptor_V120.brd                              )
(    Software Version : 17.2S052                                      )
(    Date/Time        : Thu Apr 10 18:36:09 2025                      )
(                                                                     )
(---------------------------------------------------------------------)



 Processing NC Parameters file 'nc_param.txt' ...

 NC PARAMETERS
 -------------

 FORMAT   		2.5
 MACHINE-OFFSET		x:0.00000	y:0.00000   (mm)
 FEEDRATE		1
 COORDINATES		ABSOLUTE
 OUTPUT-UNITS		METRIC
 TOOL-ORDER		INCREASING
 REPEAT-CODES		NO
 SUPPRESS-LEAD-ZEROES	NO
 SUPPRESS-TRAIL-ZEROES	NO
 SUPPRESS-EQUAL		NO
 TOOL-SELECT		NO
 HEADER			none
 LEADER			12
 CODE			ASCII
 SEPARATE		NO
 SEPARATE-ROUTING	NO
 OPTIMIZE_DRILLING	YES
 ENHANCED_EXCELLON	NO
 SCALE			1.000000



Drill files being output to directory 'D:/0_Working/1_Hardware/44_Adaptor_V111/NANORACK_V2_ADAPTOR_1.1.1_HW/2_Layout' ...



     'Adaptor_V120_d-1-2.drl' created for holes connecting TOP and BOTTOM
     --------------------------------------------------------------------

           Num     Size      +/- Tolerance     Plating   Quantity

            1.   0.2032    0.0000/  0.0000      PLATED        866
            2.   1.1000    0.0000/  0.0000      PLATED         14
            3.   1.2000    0.0000/  0.0000      PLATED         15
            4.   2.9997    0.0000/  0.0000      PLATED          6
            5.   3.1800    0.0000/  0.0000      PLATED          5

     ---- Total holes:                                        906

     ---- Total head travel:              9.78 feet (2.98 meters)

